FULL data: 1,998,381 bars 2020-07-23 10:46:00..2026-05-26 23:59:00  point=0.1
FULL 1:1 ATR long-win: 50.2%  (n=399636)  <- ~50% = coin flip confirmed on 6yr
hourly long-win% (full 6yr):
  h00: 47.0%  n=1246
  h01: 49.8%  n=17580
  h02: 49.9%  n=17591
  h03: 50.3%  n=17606
  h04: 50.7%  n=17603
  h05: 51.0%  n=17583
  h06: 50.7%  n=17570
  h07: 51.4%  n=17581
  h08: 51.1%  n=17586
  h09: 49.9%  n=17589
  h10: 49.8%  n=17557
  h11: 50.0%  n=17552
  h12: 51.2%  n=17577
  h13: 51.1%  n=17595
  h14: 50.5%  n=17599
  h15: 49.2%  n=17605
  h16: 49.0%  n=17572
  h17: 49.8%  n=17572
  h18: 49.2%  n=17587
  h19: 49.8%  n=17577
  h20: 49.9%  n=17048
  h21: 49.7%  n=16983
  h22: 49.3%  n=16974
  h23: 51.0%  n=13303
DONE_FULL
