slice=dev: 276702 rows 2020-07-23 -> 2024-06-28
=== sweep stage2: 128 configs ===
[  1/128] MIN  13.3 (H1  13.6 H2  13.3) all   4.8 cov   36 brch   0 win 28.1 aR -0.02 5s | BEST  13.3 {'trigger': 'cci', 'census': False, 'uni': False, 'require15': False, 'recross': False, 'lic_exit': False}
[  2/128] MIN  11.9 (H1  12.5 H2  11.9) all   4.4 cov   36 brch   0 win 31.1 aR +0.02 5s | BEST  13.3 {'trigger': 'cci', 'census': False, 'uni': False, 'require15': False, 'recross': False, 'lic_exit': False}
[  3/128] MIN  12.5 (H1  12.5 H2  12.8) all   4.6 cov   36 brch   0 win 29.5 aR -0.01 5s | BEST  13.3 {'trigger': 'cci', 'census': False, 'uni': False, 'require15': False, 'recross': False, 'lic_exit': False}
[  4/128] MIN  12.5 (H1  12.5 H2  12.8) all   4.6 cov   36 brch   0 win 31.5 aR +0.01 5s | BEST  13.3 {'trigger': 'cci', 'census': False, 'uni': False, 'require15': False, 'recross': False, 'lic_exit': False}
[  5/128] MIN  12.4 (H1  12.4 H2  12.6) all   3.4 cov   27 brch   0 win 27.1 aR -0.07 5s | BEST  13.3 {'trigger': 'cci', 'census': False, 'uni': False, 'require15': False, 'recross': False, 'lic_exit': False}
[  6/128] MIN   9.8 (H1  10.1 H2   9.8) all   2.7 cov   27 brch   0 win 30.0 aR -0.08 4s | BEST  13.3 {'trigger': 'cci', 'census': False, 'uni': False, 'require15': False, 'recross': False, 'lic_exit': False}
[  7/128] MIN  11.6 (H1  11.6 H2  12.1) all   3.2 cov   27 brch   0 win 28.3 aR -0.06 4s | BEST  13.3 {'trigger': 'cci', 'census': False, 'uni': False, 'require15': False, 'recross': False, 'lic_exit': False}
[  8/128] MIN   9.3 (H1   9.3 H2  11.5) all   2.9 cov   27 brch   0 win 29.4 aR -0.06 5s | BEST  13.3 {'trigger': 'cci', 'census': False, 'uni': False, 'require15': False, 'recross': False, 'lic_exit': False}
[  9/128] MIN   0.0 (H1   0.0 H2  27.3) all   0.3 cov    2 brch   0 win 21.1 aR -0.26 4s | BEST  13.3 {'trigger': 'cci', 'census': False, 'uni': False, 'require15': False, 'recross': False, 'lic_exit': False}
[ 10/128] MIN   0.0 (H1   0.0 H2  27.3) all   0.3 cov    2 brch   0 win 26.3 aR -0.28 4s | BEST  13.3 {'trigger': 'cci', 'census': False, 'uni': False, 'require15': False, 'recross': False, 'lic_exit': False}
[ 11/128] MIN   0.0 (H1   0.0 H2  27.3) all   0.3 cov    2 brch   0 win 21.1 aR -0.24 6s | BEST  13.3 {'trigger': 'cci', 'census': False, 'uni': False, 'require15': False, 'recross': False, 'lic_exit': False}
[ 12/128] MIN   0.0 (H1   0.0 H2  27.3) all   0.3 cov    2 brch   0 win 26.3 aR -0.28 6s | BEST  13.3 {'trigger': 'cci', 'census': False, 'uni': False, 'require15': False, 'recross': False, 'lic_exit': False}
[ 13/128] MIN   0.0 (H1   0.0 H2  25.0) all   0.2 cov    1 brch   0 win 20.0 aR -0.30 6s | BEST  13.3 {'trigger': 'cci', 'census': False, 'uni': False, 'require15': False, 'recross': False, 'lic_exit': False}
[ 14/128] MIN   0.0 (H1   0.0 H2  25.0) all   0.2 cov    1 brch   0 win 26.7 aR -0.34 5s | BEST  13.3 {'trigger': 'cci', 'census': False, 'uni': False, 'require15': False, 'recross': False, 'lic_exit': False}
[ 15/128] MIN   0.0 (H1   0.0 H2  25.0) all   0.2 cov    1 brch   0 win 20.0 aR -0.30 5s | BEST  13.3 {'trigger': 'cci', 'census': False, 'uni': False, 'require15': False, 'recross': False, 'lic_exit': False}
[ 16/128] MIN   0.0 (H1   0.0 H2  25.0) all   0.2 cov    1 brch   0 win 26.7 aR -0.34 6s | BEST  13.3 {'trigger': 'cci', 'census': False, 'uni': False, 'require15': False, 'recross': False, 'lic_exit': False}
[ 17/128] MIN  12.8 (H1  13.5 H2  12.8) all   3.8 cov   29 brch   0 win 28.5 aR -0.00 7s | BEST  13.3 {'trigger': 'cci', 'census': False, 'uni': False, 'require15': False, 'recross': False, 'lic_exit': False}
[ 18/128] MIN  12.1 (H1  12.1 H2  12.8) all   3.6 cov   29 brch   0 win 30.7 aR -0.00 7s | BEST  13.3 {'trigger': 'cci', 'census': False, 'uni': False, 'require15': False, 'recross': False, 'lic_exit': False}
[ 19/128] MIN  12.8 (H1  12.8 H2  12.8) all   3.7 cov   29 brch   0 win 30.1 aR +0.01 6s | BEST  13.3 {'trigger': 'cci', 'census': False, 'uni': False, 'require15': False, 'recross': False, 'lic_exit': False}
[ 20/128] MIN  12.1 (H1  12.1 H2  12.8) all   3.6 cov   29 brch   0 win 30.6 aR -0.01 5s | BEST  13.3 {'trigger': 'cci', 'census': False, 'uni': False, 'require15': False, 'recross': False, 'lic_exit': False}
[ 21/128] MIN  13.3 (H1  13.6 H2  13.3) all   3.1 cov   23 brch   0 win 27.8 aR -0.04 4s | BEST  13.3 {'trigger': 'cci', 'census': True, 'uni': False, 'require15': True, 'recross': False, 'lic_exit': False}
[ 22/128] MIN  11.3 (H1  12.7 H2  11.3) all   2.8 cov   23 brch   0 win 30.8 aR -0.05 5s | BEST  13.3 {'trigger': 'cci', 'census': True, 'uni': False, 'require15': True, 'recross': False, 'lic_exit': False}
[ 23/128] MIN  12.7 (H1  12.7 H2  12.7) all   3.0 cov   23 brch   0 win 28.6 aR -0.05 4s | BEST  13.3 {'trigger': 'cci', 'census': True, 'uni': False, 'require15': True, 'recross': False, 'lic_exit': False}
[ 24/128] MIN  11.8 (H1  11.8 H2  12.7) all   2.9 cov   23 brch   0 win 30.0 aR -0.03 4s | BEST  13.3 {'trigger': 'cci', 'census': True, 'uni': False, 'require15': True, 'recross': False, 'lic_exit': False}
[ 25/128] MIN   0.0 (H1   0.0 H2  33.3) all   0.2 cov    1 brch   0 win 27.3 aR -0.05 4s | BEST  13.3 {'trigger': 'cci', 'census': True, 'uni': False, 'require15': True, 'recross': False, 'lic_exit': False}
[ 26/128] MIN   0.0 (H1   0.0 H2  33.3) all   0.2 cov    1 brch   0 win 27.3 aR -0.22 4s | BEST  13.3 {'trigger': 'cci', 'census': True, 'uni': False, 'require15': True, 'recross': False, 'lic_exit': False}
[ 27/128] MIN   0.0 (H1   0.0 H2  33.3) all   0.2 cov    1 brch   0 win 27.3 aR -0.05 4s | BEST  13.3 {'trigger': 'cci', 'census': True, 'uni': False, 'require15': True, 'recross': False, 'lic_exit': False}
[ 28/128] MIN   0.0 (H1   0.0 H2  33.3) all   0.2 cov    1 brch   0 win 27.3 aR -0.22 4s | BEST  13.3 {'trigger': 'cci', 'census': True, 'uni': False, 'require15': True, 'recross': False, 'lic_exit': False}
[ 29/128] MIN   0.0 (H1   0.0 H2  40.0) all   0.2 cov    1 brch   0 win 33.3 aR +0.17 4s | BEST  13.3 {'trigger': 'cci', 'census': True, 'uni': False, 'require15': True, 'recross': False, 'lic_exit': False}
[ 30/128] MIN   0.0 (H1   0.0 H2  40.0) all   0.2 cov    1 brch   0 win 33.3 aR -0.04 4s | BEST  13.3 {'trigger': 'cci', 'census': True, 'uni': False, 'require15': True, 'recross': False, 'lic_exit': False}
[ 31/128] MIN   0.0 (H1   0.0 H2  40.0) all   0.2 cov    1 brch   0 win 33.3 aR +0.17 4s | BEST  13.3 {'trigger': 'cci', 'census': True, 'uni': False, 'require15': True, 'recross': False, 'lic_exit': False}
[ 32/128] MIN   0.0 (H1   0.0 H2  40.0) all   0.2 cov    1 brch   0 win 33.3 aR -0.04 4s | BEST  13.3 {'trigger': 'cci', 'census': True, 'uni': False, 'require15': True, 'recross': False, 'lic_exit': False}
[ 33/128] MIN  14.5 (H1  14.5 H2  17.8) all   6.3 cov   38 brch   0 win 25.0 aR -0.09 5s | BEST  14.5 {'trigger': 'pullback', 'census': False, 'uni': False, 'require15': False, 'recross': False, 'lic_exit': False}
[ 34/128] MIN  12.4 (H1  12.4 H2  16.6) all   5.7 cov   38 brch   0 win 26.6 aR -0.08 4s | BEST  14.5 {'trigger': 'pullback', 'census': False, 'uni': False, 'require15': False, 'recross': False, 'lic_exit': False}
[ 35/128] MIN  12.4 (H1  12.4 H2  18.3) all   6.0 cov   38 brch   0 win 27.4 aR -0.07 4s | BEST  14.5 {'trigger': 'pullback', 'census': False, 'uni': False, 'require15': False, 'recross': False, 'lic_exit': False}
[ 36/128] MIN  11.8 (H1  11.8 H2  16.2) all   5.5 cov   38 brch   0 win 28.0 aR -0.08 4s | BEST  14.5 {'trigger': 'pullback', 'census': False, 'uni': False, 'require15': False, 'recross': False, 'lic_exit': False}
[ 37/128] MIN   8.2 (H1   8.2 H2  14.4) all   3.8 cov   32 brch   0 win 24.2 aR -0.12 4s | BEST  14.5 {'trigger': 'pullback', 'census': False, 'uni': False, 'require15': False, 'recross': False, 'lic_exit': False}
[ 38/128] MIN   6.8 (H1   6.8 H2  13.0) all   3.3 cov   32 brch   0 win 26.1 aR -0.13 4s | BEST  14.5 {'trigger': 'pullback', 'census': False, 'uni': False, 'require15': False, 'recross': False, 'lic_exit': False}
[ 39/128] MIN   8.2 (H1   8.2 H2  13.5) all   3.6 cov   32 brch   0 win 26.3 aR -0.12 5s | BEST  14.5 {'trigger': 'pullback', 'census': False, 'uni': False, 'require15': False, 'recross': False, 'lic_exit': False}
[ 40/128] MIN   8.2 (H1   8.2 H2  12.5) all   3.4 cov   32 brch   0 win 26.7 aR -0.12 6s | BEST  14.5 {'trigger': 'pullback', 'census': False, 'uni': False, 'require15': False, 'recross': False, 'lic_exit': False}
[ 41/128] MIN  10.0 (H1  10.0 H2  15.4) all   0.3 cov    2 brch   0 win 20.8 aR -0.27 7s | BEST  14.5 {'trigger': 'pullback', 'census': False, 'uni': False, 'require15': False, 'recross': False, 'lic_exit': False}
[ 42/128] MIN  10.0 (H1  10.0 H2  15.4) all   0.3 cov    2 brch   0 win 25.0 aR -0.16 7s | BEST  14.5 {'trigger': 'pullback', 'census': False, 'uni': False, 'require15': False, 'recross': False, 'lic_exit': False}
[ 43/128] MIN  10.0 (H1  10.0 H2  15.4) all   0.3 cov    2 brch   0 win 20.8 aR -0.21 6s | BEST  14.5 {'trigger': 'pullback', 'census': False, 'uni': False, 'require15': False, 'recross': False, 'lic_exit': False}
[ 44/128] MIN  10.0 (H1  10.0 H2  15.4) all   0.3 cov    2 brch   0 win 25.0 aR -0.16 6s | BEST  14.5 {'trigger': 'pullback', 'census': False, 'uni': False, 'require15': False, 'recross': False, 'lic_exit': False}
[ 45/128] MIN  11.1 (H1  11.1 H2  20.0) all   0.3 cov    2 brch   0 win 26.3 aR -0.08 6s | BEST  14.5 {'trigger': 'pullback', 'census': False, 'uni': False, 'require15': False, 'recross': False, 'lic_exit': False}
[ 46/128] MIN  11.1 (H1  11.1 H2  20.0) all   0.3 cov    2 brch   0 win 31.6 aR -0.01 5s | BEST  14.5 {'trigger': 'pullback', 'census': False, 'uni': False, 'require15': False, 'recross': False, 'lic_exit': False}
[ 47/128] MIN  11.1 (H1  11.1 H2  20.0) all   0.3 cov    2 brch   0 win 26.3 aR -0.06 5s | BEST  14.5 {'trigger': 'pullback', 'census': False, 'uni': False, 'require15': False, 'recross': False, 'lic_exit': False}
[ 48/128] MIN  11.1 (H1  11.1 H2  20.0) all   0.3 cov    2 brch   0 win 31.6 aR -0.01 3s | BEST  14.5 {'trigger': 'pullback', 'census': False, 'uni': False, 'require15': False, 'recross': False, 'lic_exit': False}
[ 49/128] MIN  14.0 (H1  14.0 H2  15.9) all   4.7 cov   31 brch   0 win 26.0 aR -0.04 4s | BEST  14.5 {'trigger': 'pullback', 'census': False, 'uni': False, 'require15': False, 'recross': False, 'lic_exit': False}
[ 50/128] MIN  10.7 (H1  10.7 H2  15.4) all   4.1 cov   31 brch   0 win 26.9 aR -0.05 3s | BEST  14.5 {'trigger': 'pullback', 'census': False, 'uni': False, 'require15': False, 'recross': False, 'lic_exit': False}
[ 51/128] MIN  13.3 (H1  13.3 H2  15.4) all   4.5 cov   31 brch   0 win 28.0 aR -0.04 3s | BEST  14.5 {'trigger': 'pullback', 'census': False, 'uni': False, 'require15': False, 'recross': False, 'lic_exit': False}
[ 52/128] MIN  12.0 (H1  12.0 H2  14.9) all   4.2 cov   31 brch   0 win 28.1 aR -0.06 3s | BEST  14.5 {'trigger': 'pullback', 'census': False, 'uni': False, 'require15': False, 'recross': False, 'lic_exit': False}
[ 53/128] MIN   7.8 (H1   7.8 H2  15.4) all   3.3 cov   27 brch   0 win 24.8 aR -0.10 3s | BEST  14.5 {'trigger': 'pullback', 'census': False, 'uni': False, 'require15': False, 'recross': False, 'lic_exit': False}
[ 54/128] MIN   7.0 (H1   7.0 H2  13.1) all   2.9 cov   27 brch   0 win 26.6 aR -0.11 5s | BEST  14.5 {'trigger': 'pullback', 'census': False, 'uni': False, 'require15': False, 'recross': False, 'lic_exit': False}
[ 55/128] MIN   9.4 (H1   9.4 H2  14.3) all   3.3 cov   27 brch   0 win 26.6 aR -0.10 4s | BEST  14.5 {'trigger': 'pullback', 'census': False, 'uni': False, 'require15': False, 'recross': False, 'lic_exit': False}
[ 56/128] MIN   9.4 (H1   9.4 H2  13.1) all   3.1 cov   27 brch   0 win 27.1 aR -0.09 5s | BEST  14.5 {'trigger': 'pullback', 'census': False, 'uni': False, 'require15': False, 'recross': False, 'lic_exit': False}
[ 57/128] MIN  12.5 (H1  12.5 H2  20.0) all   0.3 cov    2 brch   0 win 26.3 aR -0.08 4s | BEST  14.5 {'trigger': 'pullback', 'census': False, 'uni': False, 'require15': False, 'recross': False, 'lic_exit': False}
[ 58/128] MIN  12.5 (H1  12.5 H2  20.0) all   0.3 cov    2 brch   0 win 31.6 aR +0.01 3s | BEST  14.5 {'trigger': 'pullback', 'census': False, 'uni': False, 'require15': False, 'recross': False, 'lic_exit': False}
[ 59/128] MIN  12.5 (H1  12.5 H2  20.0) all   0.3 cov    2 brch   0 win 26.3 aR -0.03 3s | BEST  14.5 {'trigger': 'pullback', 'census': False, 'uni': False, 'require15': False, 'recross': False, 'lic_exit': False}
[ 60/128] MIN  12.5 (H1  12.5 H2  20.0) all   0.3 cov    2 brch   0 win 31.6 aR +0.01 5s | BEST  14.5 {'trigger': 'pullback', 'census': False, 'uni': False, 'require15': False, 'recross': False, 'lic_exit': False}
[ 61/128] MIN  14.3 (H1  14.3 H2  25.0) all   0.3 cov    1 brch   0 win 33.3 aR +0.17 5s | BEST  14.5 {'trigger': 'pullback', 'census': False, 'uni': False, 'require15': False, 'recross': False, 'lic_exit': False}
[ 62/128] MIN  14.3 (H1  14.3 H2  25.0) all   0.3 cov    1 brch   0 win 40.0 aR +0.22 4s | BEST  14.5 {'trigger': 'pullback', 'census': False, 'uni': False, 'require15': False, 'recross': False, 'lic_exit': False}
[ 63/128] MIN  14.3 (H1  14.3 H2  25.0) all   0.3 cov    1 brch   0 win 33.3 aR +0.19 6s | BEST  14.5 {'trigger': 'pullback', 'census': False, 'uni': False, 'require15': False, 'recross': False, 'lic_exit': False}
[ 64/128] MIN  14.3 (H1  14.3 H2  25.0) all   0.3 cov    1 brch   0 win 40.0 aR +0.22 5s | BEST  14.5 {'trigger': 'pullback', 'census': False, 'uni': False, 'require15': False, 'recross': False, 'lic_exit': False}
[ 65/128] MIN  15.3 (H1  15.3 H2  16.7) all   6.3 cov   39 brch   0 win 24.7 aR -0.08 7s | BEST  15.3 {'trigger': 'either', 'census': False, 'uni': False, 'require15': False, 'recross': False, 'lic_exit': False}
[ 66/128] MIN  12.6 (H1  12.6 H2  15.0) all   5.5 cov   39 brch   0 win 26.6 aR -0.07 6s | BEST  15.3 {'trigger': 'either', 'census': False, 'uni': False, 'require15': False, 'recross': False, 'lic_exit': False}
[ 67/128] MIN  12.1 (H1  12.1 H2  15.4) all   5.5 cov   39 brch   0 win 26.6 aR -0.08 5s | BEST  15.3 {'trigger': 'either', 'census': False, 'uni': False, 'require15': False, 'recross': False, 'lic_exit': False}
[ 68/128] MIN  11.6 (H1  11.6 H2  14.2) all   5.1 cov   39 brch   0 win 27.7 aR -0.08 6s | BEST  15.3 {'trigger': 'either', 'census': False, 'uni': False, 'require15': False, 'recross': False, 'lic_exit': False}
[ 69/128] MIN   9.2 (H1   9.2 H2  14.0) all   3.9 cov   33 brch   0 win 23.6 aR -0.13 5s | BEST  15.3 {'trigger': 'either', 'census': False, 'uni': False, 'require15': False, 'recross': False, 'lic_exit': False}
[ 70/128] MIN   7.9 (H1   7.9 H2  12.6) all   3.5 cov   33 brch   0 win 25.8 aR -0.15 6s | BEST  15.3 {'trigger': 'either', 'census': False, 'uni': False, 'require15': False, 'recross': False, 'lic_exit': False}
[ 71/128] MIN   7.9 (H1   7.9 H2  13.0) all   3.6 cov   33 brch   0 win 26.2 aR -0.12 6s | BEST  15.3 {'trigger': 'either', 'census': False, 'uni': False, 'require15': False, 'recross': False, 'lic_exit': False}
[ 72/128] MIN   7.9 (H1   7.9 H2  12.1) all   3.4 cov   33 brch   0 win 26.5 aR -0.13 6s | BEST  15.3 {'trigger': 'either', 'census': False, 'uni': False, 'require15': False, 'recross': False, 'lic_exit': False}
[ 73/128] MIN   7.1 (H1   7.1 H2  17.6) all   0.4 cov    3 brch   0 win 18.8 aR -0.34 6s | BEST  15.3 {'trigger': 'either', 'census': False, 'uni': False, 'require15': False, 'recross': False, 'lic_exit': False}
[ 74/128] MIN   7.1 (H1   7.1 H2  23.5) all   0.4 cov    3 brch   0 win 27.3 aR -0.22 6s | BEST  15.3 {'trigger': 'either', 'census': False, 'uni': False, 'require15': False, 'recross': False, 'lic_exit': False}
[ 75/128] MIN   7.1 (H1   7.1 H2  17.6) all   0.4 cov    3 brch   0 win 18.8 aR -0.30 7s | BEST  15.3 {'trigger': 'either', 'census': False, 'uni': False, 'require15': False, 'recross': False, 'lic_exit': False}
[ 76/128] MIN   7.1 (H1   7.1 H2  23.5) all   0.4 cov    3 brch   0 win 27.3 aR -0.22 6s | BEST  15.3 {'trigger': 'either', 'census': False, 'uni': False, 'require15': False, 'recross': False, 'lic_exit': False}
[ 77/128] MIN   7.7 (H1   7.7 H2  15.4) all   0.3 cov    2 brch   0 win 19.2 aR -0.33 6s | BEST  15.3 {'trigger': 'either', 'census': False, 'uni': False, 'require15': False, 'recross': False, 'lic_exit': False}
[ 78/128] MIN   7.7 (H1   7.7 H2  23.1) all   0.4 cov    2 brch   0 win 29.6 aR -0.19 5s | BEST  15.3 {'trigger': 'either', 'census': False, 'uni': False, 'require15': False, 'recross': False, 'lic_exit': False}
[ 79/128] MIN   7.7 (H1   7.7 H2  15.4) all   0.3 cov    2 brch   0 win 19.2 aR -0.31 5s | BEST  15.3 {'trigger': 'either', 'census': False, 'uni': False, 'require15': False, 'recross': False, 'lic_exit': False}
[ 80/128] MIN   7.7 (H1   7.7 H2  23.1) all   0.4 cov    2 brch   0 win 29.6 aR -0.19 5s | BEST  15.3 {'trigger': 'either', 'census': False, 'uni': False, 'require15': False, 'recross': False, 'lic_exit': False}
[ 81/128] MIN  14.7 (H1  14.7 H2  14.8) all   4.8 cov   32 brch   0 win 25.8 aR -0.04 5s | BEST  15.3 {'trigger': 'either', 'census': False, 'uni': False, 'require15': False, 'recross': False, 'lic_exit': False}
[ 82/128] MIN  11.5 (H1  11.5 H2  14.8) all   4.3 cov   32 brch   0 win 27.0 aR -0.05 5s | BEST  15.3 {'trigger': 'either', 'census': False, 'uni': False, 'require15': False, 'recross': False, 'lic_exit': False}
[ 83/128] MIN  12.8 (H1  12.8 H2  13.3) all   4.2 cov   32 brch   0 win 27.5 aR -0.06 4s | BEST  15.3 {'trigger': 'either', 'census': False, 'uni': False, 'require15': False, 'recross': False, 'lic_exit': False}
[ 84/128] MIN  11.5 (H1  11.5 H2  13.3) all   4.0 cov   32 brch   0 win 27.8 aR -0.08 4s | BEST  15.3 {'trigger': 'either', 'census': False, 'uni': False, 'require15': False, 'recross': False, 'lic_exit': False}
[ 85/128] MIN   9.1 (H1   9.1 H2  14.8) all   3.5 cov   28 brch   0 win 24.3 aR -0.09 5s | BEST  15.3 {'trigger': 'either', 'census': False, 'uni': False, 'require15': False, 'recross': False, 'lic_exit': False}
[ 86/128] MIN   8.3 (H1   8.3 H2  13.2) all   3.1 cov   28 brch   0 win 26.2 aR -0.12 5s | BEST  15.3 {'trigger': 'either', 'census': False, 'uni': False, 'require15': False, 'recross': False, 'lic_exit': False}
[ 87/128] MIN   9.1 (H1   9.1 H2  13.2) all   3.2 cov   28 brch   0 win 26.2 aR -0.10 5s | BEST  15.3 {'trigger': 'either', 'census': False, 'uni': False, 'require15': False, 'recross': False, 'lic_exit': False}
[ 88/128] MIN   9.1 (H1   9.1 H2  12.6) all   3.1 cov   28 brch   0 win 26.6 aR -0.10 4s | BEST  15.3 {'trigger': 'either', 'census': False, 'uni': False, 'require15': False, 'recross': False, 'lic_exit': False}
[ 89/128] MIN  10.0 (H1  10.0 H2  18.2) all   0.3 cov    2 brch   0 win 22.7 aR -0.20 4s | BEST  15.3 {'trigger': 'either', 'census': False, 'uni': False, 'require15': False, 'recross': False, 'lic_exit': False}
[ 90/128] MIN  10.0 (H1  10.0 H2  27.3) all   0.4 cov    2 brch   0 win 30.4 aR -0.10 4s | BEST  15.3 {'trigger': 'either', 'census': False, 'uni': False, 'require15': False, 'recross': False, 'lic_exit': False}
[ 91/128] MIN  10.0 (H1  10.0 H2  18.2) all   0.3 cov    2 brch   0 win 22.7 aR -0.16 6s | BEST  15.3 {'trigger': 'either', 'census': False, 'uni': False, 'require15': False, 'recross': False, 'lic_exit': False}
[ 92/128] MIN  10.0 (H1  10.0 H2  27.3) all   0.4 cov    2 brch   0 win 30.4 aR -0.10 4s | BEST  15.3 {'trigger': 'either', 'census': False, 'uni': False, 'require15': False, 'recross': False, 'lic_exit': False}
[ 93/128] MIN  11.1 (H1  11.1 H2  25.0) all   0.3 cov    2 brch   0 win 29.4 aR +0.03 4s | BEST  15.3 {'trigger': 'either', 'census': False, 'uni': False, 'require15': False, 'recross': False, 'lic_exit': False}
[ 94/128] MIN  11.1 (H1  11.1 H2  37.5) all   0.4 cov    2 brch   0 win 38.9 aR +0.10 4s | BEST  15.3 {'trigger': 'either', 'census': False, 'uni': False, 'require15': False, 'recross': False, 'lic_exit': False}
[ 95/128] MIN  11.1 (H1  11.1 H2  25.0) all   0.3 cov    2 brch   0 win 29.4 aR +0.05 3s | BEST  15.3 {'trigger': 'either', 'census': False, 'uni': False, 'require15': False, 'recross': False, 'lic_exit': False}
[ 96/128] MIN  11.1 (H1  11.1 H2  37.5) all   0.4 cov    2 brch   0 win 38.9 aR +0.10 3s | BEST  15.3 {'trigger': 'either', 'census': False, 'uni': False, 'require15': False, 'recross': False, 'lic_exit': False}
[ 97/128] MIN   4.7 (H1   4.7 H2   9.5) all   1.0 cov   13 brch   0 win 30.8 aR -0.06 4s | BEST  15.3 {'trigger': 'either', 'census': False, 'uni': False, 'require15': False, 'recross': False, 'lic_exit': False}
[ 98/128] MIN   1.6 (H1   1.6 H2   9.5) all   0.8 cov   13 brch   0 win 32.2 aR -0.07 3s | BEST  15.3 {'trigger': 'either', 'census': False, 'uni': False, 'require15': False, 'recross': False, 'lic_exit': False}
[ 99/128] MIN   3.1 (H1   3.1 H2   8.3) all   0.8 cov   13 brch   0 win 31.4 aR -0.09 3s | BEST  15.3 {'trigger': 'either', 'census': False, 'uni': False, 'require15': False, 'recross': False, 'lic_exit': False}
[100/128] MIN   0.0 (H1   0.0 H2   8.3) all   0.6 cov   13 brch   0 win 29.5 aR -0.11 4s | BEST  15.3 {'trigger': 'either', 'census': False, 'uni': False, 'require15': False, 'recross': False, 'lic_exit': False}
