slice=dev: 276702 rows 2020-07-23 -> 2024-06-28
=== sweep stage1: 72 configs ===
[  1/72] MIN   3.9 (H1   4.7 H2   3.9) all   2.2 cov   50 brch   0 win 36.3 aR -0.10 4s | BEST   3.9 {'trigger': 'cci', 'sl_mult': 1.0, 'rr': 1.5, 'session': None, 'energy': 'h1'}
[  2/72] MIN   0.0 (H1   0.0 H2   0.0) all   0.0 cov    4 brch   0 win 38.8 aR -0.01 4s | BEST   3.9 {'trigger': 'cci', 'sl_mult': 1.0, 'rr': 1.5, 'session': None, 'energy': 'h1'}
[  3/72] MIN   3.5 (H1   4.0 H2   3.5) all   1.3 cov   36 brch   0 win 37.7 aR -0.07 5s | BEST   3.9 {'trigger': 'cci', 'sl_mult': 1.0, 'rr': 1.5, 'session': None, 'energy': 'h1'}
[  4/72] MIN   0.0 (H1   0.0 H2   0.0) all   0.0 cov    3 brch   0 win 45.5 aR +0.14 4s | BEST   3.9 {'trigger': 'cci', 'sl_mult': 1.0, 'rr': 1.5, 'session': None, 'energy': 'h1'}
[  5/72] MIN  13.3 (H1  13.3 H2  14.4) all   7.0 cov   50 brch   0 win 26.7 aR -0.06 6s | BEST  13.3 {'trigger': 'cci', 'sl_mult': 1.0, 'rr': 2.5, 'session': None, 'energy': 'h1'}
[  6/72] MIN   4.3 (H1  18.2 H2   4.3) all   0.4 cov    4 brch   0 win 33.3 aR +0.15 4s | BEST  13.3 {'trigger': 'cci', 'sl_mult': 1.0, 'rr': 2.5, 'session': None, 'energy': 'h1'}
[  7/72] MIN  13.3 (H1  13.6 H2  13.3) all   4.8 cov   36 brch   0 win 28.1 aR -0.02 4s | BEST  13.3 {'trigger': 'cci', 'sl_mult': 1.0, 'rr': 2.5, 'session': None, 'energy': 'h1'}
[  8/72] MIN   6.2 (H1  25.0 H2   6.2) all   0.4 cov    3 brch   0 win 40.6 aR +0.41 4s | BEST  13.3 {'trigger': 'cci', 'sl_mult': 1.0, 'rr': 2.5, 'session': None, 'energy': 'h1'}
[  9/72] MIN  14.1 (H1  14.1 H2  15.0) all   7.4 cov   50 brch   0 win 25.7 aR -0.06 4s | BEST  14.1 {'trigger': 'cci', 'sl_mult': 1.0, 'rr': 3.5, 'session': None, 'energy': 'h1'}
[ 10/72] MIN   4.3 (H1  18.2 H2   4.3) all   0.4 cov    4 brch   0 win 33.3 aR +0.15 4s | BEST  14.1 {'trigger': 'cci', 'sl_mult': 1.0, 'rr': 3.5, 'session': None, 'energy': 'h1'}
[ 11/72] MIN  13.6 (H1  13.6 H2  13.7) all   4.9 cov   36 brch   0 win 27.1 aR +0.00 4s | BEST  14.1 {'trigger': 'cci', 'sl_mult': 1.0, 'rr': 3.5, 'session': None, 'energy': 'h1'}
[ 12/72] MIN   6.2 (H1  25.0 H2   6.2) all   0.4 cov    3 brch   0 win 40.6 aR +0.41 4s | BEST  14.1 {'trigger': 'cci', 'sl_mult': 1.0, 'rr': 3.5, 'session': None, 'energy': 'h1'}
[ 13/72] MIN   4.6 (H1   5.9 H2   4.6) all   2.6 cov   50 brch   0 win 40.6 aR -0.03 5s | BEST  14.1 {'trigger': 'cci', 'sl_mult': 1.0, 'rr': 3.5, 'session': None, 'energy': 'h1'}
[ 14/72] MIN   0.0 (H1   0.0 H2   0.0) all   0.0 cov    4 brch   0 win 43.5 aR +0.07 4s | BEST  14.1 {'trigger': 'cci', 'sl_mult': 1.0, 'rr': 3.5, 'session': None, 'energy': 'h1'}
[ 15/72] MIN   3.1 (H1   3.4 H2   3.1) all   1.2 cov   36 brch   0 win 43.9 aR +0.02 4s | BEST  14.1 {'trigger': 'cci', 'sl_mult': 1.0, 'rr': 3.5, 'session': None, 'energy': 'h1'}
[ 16/72] MIN   0.0 (H1   0.0 H2   0.0) all   0.0 cov    3 brch   0 win 50.0 aR +0.23 4s | BEST  14.1 {'trigger': 'cci', 'sl_mult': 1.0, 'rr': 3.5, 'session': None, 'energy': 'h1'}
[ 17/72] MIN   9.0 (H1   9.0 H2  11.4) all   5.2 cov   50 brch   0 win 30.5 aR -0.03 4s | BEST  14.1 {'trigger': 'cci', 'sl_mult': 1.0, 'rr': 3.5, 'session': None, 'energy': 'h1'}
[ 18/72] MIN   4.3 (H1   9.1 H2   4.3) all   0.3 cov    4 brch   0 win 39.1 aR +0.01 4s | BEST  14.1 {'trigger': 'cci', 'sl_mult': 1.0, 'rr': 3.5, 'session': None, 'energy': 'h1'}
[ 19/72] MIN   4.0 (H1   4.0 H2   9.3) all   2.5 cov   36 brch   0 win 35.7 aR +0.01 4s | BEST  14.1 {'trigger': 'cci', 'sl_mult': 1.0, 'rr': 3.5, 'session': None, 'energy': 'h1'}
[ 20/72] MIN   0.0 (H1  12.5 H2   0.0) all   0.2 cov    3 brch   0 win 43.8 aR +0.04 4s | BEST  14.1 {'trigger': 'cci', 'sl_mult': 1.0, 'rr': 3.5, 'session': None, 'energy': 'h1'}
[ 21/72] MIN   9.8 (H1   9.8 H2  11.1) all   5.3 cov   50 brch   0 win 30.1 aR -0.04 4s | BEST  14.1 {'trigger': 'cci', 'sl_mult': 1.0, 'rr': 3.5, 'session': None, 'energy': 'h1'}
[ 22/72] MIN   4.3 (H1   9.1 H2   4.3) all   0.3 cov    4 brch   0 win 39.1 aR +0.01 4s | BEST  14.1 {'trigger': 'cci', 'sl_mult': 1.0, 'rr': 3.5, 'session': None, 'energy': 'h1'}
[ 23/72] MIN   4.0 (H1   4.0 H2   9.3) all   2.5 cov   36 brch   0 win 35.9 aR +0.01 4s | BEST  14.1 {'trigger': 'cci', 'sl_mult': 1.0, 'rr': 3.5, 'session': None, 'energy': 'h1'}
[ 24/72] MIN   0.0 (H1  12.5 H2   0.0) all   0.2 cov    3 brch   0 win 43.8 aR +0.04 5s | BEST  14.1 {'trigger': 'cci', 'sl_mult': 1.0, 'rr': 3.5, 'session': None, 'energy': 'h1'}
[ 25/72] MIN   3.6 (H1   5.5 H2   3.6) all   2.2 cov   50 brch   0 win 42.0 aR -0.02 4s | BEST  14.1 {'trigger': 'cci', 'sl_mult': 1.0, 'rr': 3.5, 'session': None, 'energy': 'h1'}
[ 26/72] MIN   0.0 (H1   0.0 H2   0.0) all   0.0 cov    4 brch   0 win 43.5 aR -0.06 6s | BEST  14.1 {'trigger': 'cci', 'sl_mult': 1.0, 'rr': 3.5, 'session': None, 'energy': 'h1'}
[ 27/72] MIN   1.8 (H1   2.3 H2   1.8) all   0.7 cov   36 brch   0 win 46.7 aR +0.01 4s | BEST  14.1 {'trigger': 'cci', 'sl_mult': 1.0, 'rr': 3.5, 'session': None, 'energy': 'h1'}
[ 28/72] MIN   0.0 (H1   0.0 H2   0.0) all   0.0 cov    3 brch   0 win 46.9 aR -0.04 6s | BEST  14.1 {'trigger': 'cci', 'sl_mult': 1.0, 'rr': 3.5, 'session': None, 'energy': 'h1'}
[ 29/72] MIN   8.2 (H1  10.5 H2   8.2) all   4.7 cov   50 brch   0 win 34.6 aR -0.02 5s | BEST  14.1 {'trigger': 'cci', 'sl_mult': 1.0, 'rr': 3.5, 'session': None, 'energy': 'h1'}
[ 30/72] MIN   4.3 (H1   4.5 H2   4.3) all   0.2 cov    4 brch   0 win 41.3 aR -0.11 4s | BEST  14.1 {'trigger': 'cci', 'sl_mult': 1.0, 'rr': 3.5, 'session': None, 'energy': 'h1'}
[ 31/72] MIN   5.1 (H1   5.1 H2   5.3) all   1.9 cov   36 brch   0 win 45.8 aR +0.05 6s | BEST  14.1 {'trigger': 'cci', 'sl_mult': 1.0, 'rr': 3.5, 'session': None, 'energy': 'h1'}
[ 32/72] MIN   0.0 (H1   0.0 H2   0.0) all   0.0 cov    3 brch   0 win 46.9 aR -0.11 4s | BEST  14.1 {'trigger': 'cci', 'sl_mult': 1.0, 'rr': 3.5, 'session': None, 'energy': 'h1'}
[ 33/72] MIN   7.8 (H1  10.5 H2   7.8) all   4.6 cov   50 brch   0 win 34.4 aR -0.02 5s | BEST  14.1 {'trigger': 'cci', 'sl_mult': 1.0, 'rr': 3.5, 'session': None, 'energy': 'h1'}
[ 34/72] MIN   4.3 (H1   4.5 H2   4.3) all   0.2 cov    4 brch   0 win 41.3 aR -0.11 4s | BEST  14.1 {'trigger': 'cci', 'sl_mult': 1.0, 'rr': 3.5, 'session': None, 'energy': 'h1'}
[ 35/72] MIN   5.1 (H1   5.1 H2   5.3) all   1.9 cov   36 brch   0 win 45.8 aR +0.05 4s | BEST  14.1 {'trigger': 'cci', 'sl_mult': 1.0, 'rr': 3.5, 'session': None, 'energy': 'h1'}
[ 36/72] MIN   0.0 (H1   0.0 H2   0.0) all   0.0 cov    3 brch   0 win 46.9 aR -0.11 4s | BEST  14.1 {'trigger': 'cci', 'sl_mult': 1.0, 'rr': 3.5, 'session': None, 'energy': 'h1'}
[ 37/72] MIN   8.0 (H1   9.8 H2   8.0) all   4.7 cov   53 brch   0 win 34.3 aR -0.13 5s | BEST  14.1 {'trigger': 'cci', 'sl_mult': 1.0, 'rr': 3.5, 'session': None, 'energy': 'h1'}
[ 38/72] MIN   0.0 (H1   0.0 H2   3.3) all   0.2 cov   10 brch   0 win 31.4 aR -0.25 4s | BEST  14.1 {'trigger': 'cci', 'sl_mult': 1.0, 'rr': 3.5, 'session': None, 'energy': 'h1'}
[ 39/72] MIN   7.9 (H1   8.1 H2   7.9) all   3.1 cov   38 brch   0 win 35.2 aR -0.11 4s | BEST  14.1 {'trigger': 'cci', 'sl_mult': 1.0, 'rr': 3.5, 'session': None, 'energy': 'h1'}
[ 40/72] MIN   0.0 (H1   0.0 H2   2.4) all   0.1 cov    7 brch   0 win 31.8 aR -0.23 4s | BEST  14.1 {'trigger': 'cci', 'sl_mult': 1.0, 'rr': 3.5, 'session': None, 'energy': 'h1'}
[ 41/72] MIN  16.0 (H1  18.5 H2  16.0) all   9.1 cov   53 brch   0 win 23.5 aR -0.15 4s | BEST  16.0 {'trigger': 'pullback', 'sl_mult': 1.0, 'rr': 2.5, 'session': None, 'energy': 'h1'}
[ 42/72] MIN   8.3 (H1   8.3 H2  11.5) all   1.0 cov   10 brch   0 win 21.1 aR -0.31 4s | BEST  16.0 {'trigger': 'pullback', 'sl_mult': 1.0, 'rr': 2.5, 'session': None, 'energy': 'h1'}
[ 43/72] MIN  14.5 (H1  14.5 H2  17.8) all   6.3 cov   38 brch   0 win 25.0 aR -0.09 4s | BEST  16.0 {'trigger': 'pullback', 'sl_mult': 1.0, 'rr': 2.5, 'session': None, 'energy': 'h1'}
[ 44/72] MIN   9.1 (H1   9.1 H2   9.5) all   0.6 cov    7 brch   0 win 24.4 aR -0.23 5s | BEST  16.0 {'trigger': 'pullback', 'sl_mult': 1.0, 'rr': 2.5, 'session': None, 'energy': 'h1'}
[ 45/72] MIN  15.0 (H1  17.7 H2  15.0) all   8.6 cov   53 brch   0 win 21.9 aR -0.15 4s | BEST  16.0 {'trigger': 'pullback', 'sl_mult': 1.0, 'rr': 2.5, 'session': None, 'energy': 'h1'}
[ 46/72] MIN   8.3 (H1   8.3 H2  11.5) all   1.0 cov   10 brch   0 win 21.1 aR -0.30 4s | BEST  16.0 {'trigger': 'pullback', 'sl_mult': 1.0, 'rr': 2.5, 'session': None, 'energy': 'h1'}
[ 47/72] MIN  14.5 (H1  14.5 H2  15.8) all   5.8 cov   38 brch   0 win 24.2 aR -0.06 4s | BEST  16.0 {'trigger': 'pullback', 'sl_mult': 1.0, 'rr': 2.5, 'session': None, 'energy': 'h1'}
[ 48/72] MIN   9.1 (H1   9.1 H2   9.5) all   0.6 cov    7 brch   0 win 24.4 aR -0.23 4s | BEST  16.0 {'trigger': 'pullback', 'sl_mult': 1.0, 'rr': 2.5, 'session': None, 'energy': 'h1'}
[ 49/72] MIN   4.9 (H1   4.9 H2   6.7) all   3.1 cov   53 brch   0 win 37.9 aR -0.03 5s | BEST  16.0 {'trigger': 'pullback', 'sl_mult': 1.0, 'rr': 2.5, 'session': None, 'energy': 'h1'}
[ 50/72] MIN   0.0 (H1   0.0 H2   4.9) all   0.3 cov   10 brch   0 win 34.7 aR -0.19 4s | BEST  16.0 {'trigger': 'pullback', 'sl_mult': 1.0, 'rr': 2.5, 'session': None, 'energy': 'h1'}
[ 51/72] MIN   2.7 (H1   2.7 H2   5.0) all   1.5 cov   38 brch   0 win 40.1 aR -0.02 4s | BEST  16.0 {'trigger': 'pullback', 'sl_mult': 1.0, 'rr': 2.5, 'session': None, 'energy': 'h1'}
[ 52/72] MIN   0.0 (H1   0.0 H2   0.0) all   0.0 cov    7 brch   0 win 39.5 aR -0.09 4s | BEST  16.0 {'trigger': 'pullback', 'sl_mult': 1.0, 'rr': 2.5, 'session': None, 'energy': 'h1'}
[ 53/72] MIN  11.3 (H1  11.3 H2  13.2) all   6.6 cov   53 brch   0 win 29.6 aR -0.03 5s | BEST  16.0 {'trigger': 'pullback', 'sl_mult': 1.0, 'rr': 2.5, 'session': None, 'energy': 'h1'}
[ 54/72] MIN   4.2 (H1   4.2 H2   9.8) all   0.7 cov   10 brch   0 win 29.1 aR -0.16 6s | BEST  16.0 {'trigger': 'pullback', 'sl_mult': 1.0, 'rr': 2.5, 'session': None, 'energy': 'h1'}
[ 55/72] MIN   8.1 (H1   8.1 H2  10.0) all   3.5 cov   38 brch   0 win 32.4 aR -0.00 4s | BEST  16.0 {'trigger': 'pullback', 'sl_mult': 1.0, 'rr': 2.5, 'session': None, 'energy': 'h1'}
[ 56/72] MIN   3.0 (H1   3.0 H2  11.9) all   0.5 cov    7 brch   0 win 32.1 aR -0.17 4s | BEST  16.0 {'trigger': 'pullback', 'sl_mult': 1.0, 'rr': 2.5, 'session': None, 'energy': 'h1'}
[ 57/72] MIN  11.3 (H1  11.3 H2  14.7) all   7.0 cov   53 brch   0 win 28.9 aR -0.03 4s | BEST  16.0 {'trigger': 'pullback', 'sl_mult': 1.0, 'rr': 2.5, 'session': None, 'energy': 'h1'}
[ 58/72] MIN   4.2 (H1   4.2 H2   9.8) all   0.7 cov   10 brch   0 win 28.2 aR -0.19 6s | BEST  16.0 {'trigger': 'pullback', 'sl_mult': 1.0, 'rr': 2.5, 'session': None, 'energy': 'h1'}
[ 59/72] MIN   8.6 (H1   8.6 H2  10.0) all   3.6 cov   38 brch   0 win 32.1 aR -0.00 5s | BEST  16.0 {'trigger': 'pullback', 'sl_mult': 1.0, 'rr': 2.5, 'session': None, 'energy': 'h1'}
[ 60/72] MIN   3.0 (H1   3.0 H2  11.9) all   0.5 cov    7 brch   0 win 30.8 aR -0.22 5s | BEST  16.0 {'trigger': 'pullback', 'sl_mult': 1.0, 'rr': 2.5, 'session': None, 'energy': 'h1'}
[ 61/72] MIN   4.0 (H1   4.5 H2   4.0) all   2.2 cov   53 brch   0 win 39.7 aR -0.02 5s | BEST  16.0 {'trigger': 'pullback', 'sl_mult': 1.0, 'rr': 2.5, 'session': None, 'energy': 'h1'}
[ 62/72] MIN   0.0 (H1   0.0 H2   1.6) all   0.1 cov   10 brch   0 win 36.8 aR -0.18 5s | BEST  16.0 {'trigger': 'pullback', 'sl_mult': 1.0, 'rr': 2.5, 'session': None, 'energy': 'h1'}
[ 63/72] MIN   1.2 (H1   1.6 H2   1.2) all   0.5 cov   38 brch   0 win 44.0 aR -0.02 4s | BEST  16.0 {'trigger': 'pullback', 'sl_mult': 1.0, 'rr': 2.5, 'session': None, 'energy': 'h1'}
[ 64/72] MIN   0.0 (H1   0.0 H2   0.0) all   0.0 cov    7 brch   0 win 41.6 aR -0.13 5s | BEST  16.0 {'trigger': 'pullback', 'sl_mult': 1.0, 'rr': 2.5, 'session': None, 'energy': 'h1'}
[ 65/72] MIN   8.3 (H1   8.3 H2   8.9) all   4.6 cov   53 brch   0 win 30.5 aR -0.01 7s | BEST  16.0 {'trigger': 'pullback', 'sl_mult': 1.0, 'rr': 2.5, 'session': None, 'energy': 'h1'}
[ 66/72] MIN   4.9 (H1  10.4 H2   4.9) all   0.7 cov   10 brch   0 win 34.2 aR -0.16 4s | BEST  16.0 {'trigger': 'pullback', 'sl_mult': 1.0, 'rr': 2.5, 'session': None, 'energy': 'h1'}
[ 67/72] MIN   4.6 (H1   5.9 H2   4.6) all   2.0 cov   38 brch   0 win 41.5 aR +0.02 6s | BEST  16.0 {'trigger': 'pullback', 'sl_mult': 1.0, 'rr': 2.5, 'session': None, 'energy': 'h1'}
[ 68/72] MIN   2.4 (H1   6.1 H2   2.4) all   0.3 cov    7 brch   0 win 41.6 aR -0.08 5s | BEST  16.0 {'trigger': 'pullback', 'sl_mult': 1.0, 'rr': 2.5, 'session': None, 'energy': 'h1'}
[ 69/72] MIN   8.7 (H1   8.7 H2   8.9) all   4.7 cov   53 brch   0 win 30.2 aR -0.01 4s | BEST  16.0 {'trigger': 'pullback', 'sl_mult': 1.0, 'rr': 2.5, 'session': None, 'energy': 'h1'}
[ 70/72] MIN   4.9 (H1  10.4 H2   4.9) all   0.7 cov   10 brch   0 win 34.2 aR -0.16 4s | BEST  16.0 {'trigger': 'pullback', 'sl_mult': 1.0, 'rr': 2.5, 'session': None, 'energy': 'h1'}
[ 71/72] MIN   5.4 (H1   5.9 H2   5.4) all   2.2 cov   38 brch   0 win 41.7 aR +0.03 4s | BEST  16.0 {'trigger': 'pullback', 'sl_mult': 1.0, 'rr': 2.5, 'session': None, 'energy': 'h1'}
[ 72/72] MIN   2.4 (H1   6.1 H2   2.4) all   0.3 cov    7 brch   0 win 41.6 aR -0.08 4s | BEST  16.0 {'trigger': 'pullback', 'sl_mult': 1.0, 'rr': 2.5, 'session': None, 'energy': 'h1'}
done
