[1/3] loading _smoke.csv ...
      point auto-inferred: 0.1
      600,000 M1 bars  2024-07-16 19:43:00 -> 2026-05-26 23:59:00
[2/3] building feature matrix (all EA strategies) ...
      205 features x 120,124 M5 decision bars
[3/3] simulating M1 BB(20,1) exits for labels ...
      usable bars: 46,174  (features ready 92%, exit-sim valid 42%)
labels: flat 74.5%  long 16.0%  short 9.5%

WALK-FORWARD  train 200d / test 40d
 fold  1 2025-06-12..2025-09-29  pass   1/ 40 (  2.5%)  ddBreach  1  trades   374  win 27.8%  ret   -26.4%
 fold  2 2025-09-30..2025-11-24  pass   0/ 40 (  0.0%)  ddBreach  1  trades   449  win 26.5%  ret   -45.4%
 fold  3 2025-11-25..2026-01-20  pass   0/ 39 (  0.0%)  ddBreach  1  trades   395  win 27.3%  ret   -37.1%
 fold  4 2026-01-21..2026-03-17  pass   3/ 40 (  7.5%)  ddBreach  1  trades   486  win 29.2%  ret   -34.5%
 fold  5 2026-03-18..2026-05-12  pass   1/ 40 (  2.5%)  ddBreach  0  trades   373  win 24.1%  ret   -46.6%
 fold  6 2026-05-13..2026-05-26  pass   0/ 10 (  0.0%)  ddBreach  0  trades    93  win 16.1%  ret   -23.8%

OUT-OF-SAMPLE TOTAL: pass 5/209 days = 2.4%   DD-breach days: 4

fitting final model on full history ...
top 20 features:
  m1_dist_lo20h            0.0963
  m1_rsi12                 0.0837
  m1_sg_pbL                0.0752
  m1_dist_up20h            0.0679
  m1_sg_pbS                0.0628
  m1_rsi14                 0.0575
  m1_bbmtf_pbL             0.0506
  m1_cci30                 0.0483
  m1_sl_big                0.0434
  m1_grav_dn               0.0397
  m1_grav_up               0.0389
  m1_macdh                 0.0320
  m5_rsi5                  0.0298
  m1_mom_rsi_s             0.0253
  m1_sl_small              0.0245
  m1_e7_b                  0.0197
  m5_gate_s                0.0186
  m1_mom_rsi_b             0.0161
  m1_bbmtf_dn              0.0128
  m1_e7_s                  0.0115

saved -> _smoke_model.joblib
