building STRAT-011 features...
  120111 M5 bars
=== STRAT-011 sweep: 32 configs, rank by MIN(IS,OOS) ===
[ 1/32] IS   4.5 OOS   6.3 MIN   4.5 (oos 9/142d brch 0) 22s | BEST   4.5 {'rr': 1.0, 'risk_pct': 1.0, 'recross': False, 'require15': False, 'm1trig': False}
[ 2/32] IS  14.6 OOS  17.1 MIN  14.6 (oos 29/170d brch 0) 21s | BEST  14.6 {'rr': 1.0, 'risk_pct': 1.0, 'recross': False, 'require15': False, 'm1trig': True}
[ 3/32] IS  15.2 OOS  17.6 MIN  15.2 (oos 25/142d brch 0) 20s | BEST  15.2 {'rr': 1.0, 'risk_pct': 1.5, 'recross': False, 'require15': False, 'm1trig': False}
[ 4/32] IS  23.7 OOS  28.8 MIN  23.7 (oos 49/170d brch 0) 19s | BEST  23.7 {'rr': 1.0, 'risk_pct': 1.5, 'recross': False, 'require15': False, 'm1trig': True}
[ 5/32] IS  15.6 OOS  17.6 MIN  15.6 (oos 25/142d brch 3) 20s | BEST  23.7 {'rr': 1.0, 'risk_pct': 1.5, 'recross': False, 'require15': False, 'm1trig': True}
[ 6/32] IS  25.7 OOS  26.3 MIN  25.7 (oos 45/171d brch 9) 19s | BEST  25.7 {'rr': 1.0, 'risk_pct': 2.0, 'recross': False, 'require15': False, 'm1trig': True}
[ 7/32] IS  23.6 OOS  35.2 MIN  23.6 (oos 50/142d brch 0) 24s | BEST  25.7 {'rr': 1.0, 'risk_pct': 2.0, 'recross': False, 'require15': False, 'm1trig': True}
[ 8/32] IS  33.6 OOS  35.7 MIN  33.6 (oos 61/171d brch 4) 21s | BEST  33.6 {'rr': 1.0, 'risk_pct': 2.5, 'recross': False, 'require15': False, 'm1trig': True}
[ 9/32] IS   7.4 OOS   9.9 MIN   7.4 (oos 14/141d brch 0) 21s | BEST  33.6 {'rr': 1.0, 'risk_pct': 2.5, 'recross': False, 'require15': False, 'm1trig': True}
[10/32] IS  17.0 OOS  21.3 MIN  17.0 (oos 36/169d brch 0) 18s | BEST  33.6 {'rr': 1.0, 'risk_pct': 2.5, 'recross': False, 'require15': False, 'm1trig': True}
[11/32] IS  12.1 OOS  12.8 MIN  12.1 (oos 18/141d brch 0) 20s | BEST  33.6 {'rr': 1.0, 'risk_pct': 2.5, 'recross': False, 'require15': False, 'm1trig': True}
[12/32] IS  25.4 OOS  26.6 MIN  25.4 (oos 45/169d brch 0) 19s | BEST  33.6 {'rr': 1.0, 'risk_pct': 2.5, 'recross': False, 'require15': False, 'm1trig': True}
[13/32] IS  26.8 OOS  31.9 MIN  26.8 (oos 45/141d brch 3) 22s | BEST  33.6 {'rr': 1.0, 'risk_pct': 2.5, 'recross': False, 'require15': False, 'm1trig': True}
[14/32] IS  33.1 OOS  39.4 MIN  33.1 (oos 67/170d brch 15) 21s | BEST  33.6 {'rr': 1.0, 'risk_pct': 2.5, 'recross': False, 'require15': False, 'm1trig': True}
[15/32] IS  28.4 OOS  37.6 MIN  28.4 (oos 53/141d brch 0) 22s | BEST  33.6 {'rr': 1.0, 'risk_pct': 2.5, 'recross': False, 'require15': False, 'm1trig': True}
[16/32] IS  42.8 OOS  46.8 MIN  42.8 (oos 80/171d brch 0) 23s | BEST  42.8 {'rr': 1.3, 'risk_pct': 2.5, 'recross': False, 'require15': False, 'm1trig': True}
[17/32] IS   9.0 OOS  11.3 MIN   9.0 (oos 16/142d brch 0) 20s | BEST  42.8 {'rr': 1.3, 'risk_pct': 2.5, 'recross': False, 'require15': False, 'm1trig': True}
[18/32] IS  18.0 OOS  21.9 MIN  18.0 (oos 37/169d brch 0) 17s | BEST  42.8 {'rr': 1.3, 'risk_pct': 2.5, 'recross': False, 'require15': False, 'm1trig': True}
[19/32] IS  12.0 OOS  13.4 MIN  12.0 (oos 19/142d brch 0) 16s | BEST  42.8 {'rr': 1.3, 'risk_pct': 2.5, 'recross': False, 'require15': False, 'm1trig': True}
[20/32] IS  27.8 OOS  21.9 MIN  21.9 (oos 37/169d brch 0) 14s | BEST  42.8 {'rr': 1.3, 'risk_pct': 2.5, 'recross': False, 'require15': False, 'm1trig': True}
[21/32] IS  26.3 OOS  34.5 MIN  26.3 (oos 49/142d brch 4) 20s | BEST  42.8 {'rr': 1.3, 'risk_pct': 2.5, 'recross': False, 'require15': False, 'm1trig': True}
[22/32] IS  39.1 OOS  41.8 MIN  39.1 (oos 71/170d brch 10) 22s | BEST  42.8 {'rr': 1.3, 'risk_pct': 2.5, 'recross': False, 'require15': False, 'm1trig': True}
[23/32] IS  27.5 OOS  34.5 MIN  27.5 (oos 49/142d brch 1) 20s | BEST  42.8 {'rr': 1.3, 'risk_pct': 2.5, 'recross': False, 'require15': False, 'm1trig': True}
[24/32] IS  39.9 OOS  42.1 MIN  39.9 (oos 72/171d brch 1) 25s | BEST  42.8 {'rr': 1.3, 'risk_pct': 2.5, 'recross': False, 'require15': False, 'm1trig': True}
[25/32] IS   9.3 OOS   8.5 MIN   8.5 (oos 12/142d brch 0) 27s | BEST  42.8 {'rr': 1.3, 'risk_pct': 2.5, 'recross': False, 'require15': False, 'm1trig': True}
[26/32] IS  22.7 OOS  17.9 MIN  17.9 (oos 30/168d brch 0) 22s | BEST  42.8 {'rr': 1.3, 'risk_pct': 2.5, 'recross': False, 'require15': False, 'm1trig': True}
[27/32] IS  26.1 OOS  31.7 MIN  26.1 (oos 45/142d brch 0) 19s | BEST  42.8 {'rr': 1.3, 'risk_pct': 2.5, 'recross': False, 'require15': False, 'm1trig': True}
[28/32] IS  34.5 OOS  36.7 MIN  34.5 (oos 62/169d brch 0) 18s | BEST  42.8 {'rr': 1.3, 'risk_pct': 2.5, 'recross': False, 'require15': False, 'm1trig': True}
[29/32] IS  29.9 OOS  31.7 MIN  29.9 (oos 45/142d brch 6) 19s | BEST  42.8 {'rr': 1.3, 'risk_pct': 2.5, 'recross': False, 'require15': False, 'm1trig': True}
[30/32] IS  31.7 OOS  35.7 MIN  31.7 (oos 61/171d brch 25) 19s | BEST  42.8 {'rr': 1.3, 'risk_pct': 2.5, 'recross': False, 'require15': False, 'm1trig': True}
[31/32] IS   0.4 OOS   0.0 MIN   0.0 (oos 0/142d brch 41) 29s | BEST  42.8 {'rr': 1.3, 'risk_pct': 2.5, 'recross': False, 'require15': False, 'm1trig': True}
[32/32] IS   2.9 OOS   1.2 MIN   1.2 (oos 2/171d brch 58) 23s | BEST  42.8 {'rr': 1.3, 'risk_pct': 2.5, 'recross': False, 'require15': False, 'm1trig': True}

=== TOP 8 BY MIN ===
  MIN  42.8 IS  42.8 OOS  46.8 oosD 171 brch 0 {'rr': 1.3, 'risk_pct': 2.5, 'recross': False, 'require15': False, 'm1trig': True}
  MIN  39.9 IS  39.9 OOS  42.1 oosD 171 brch 1 {'rr': 1.5, 'risk_pct': 2.5, 'recross': False, 'require15': False, 'm1trig': True}
  MIN  39.1 IS  39.1 OOS  41.8 oosD 170 brch 10 {'rr': 1.5, 'risk_pct': 2.0, 'recross': False, 'require15': False, 'm1trig': True}
  MIN  34.5 IS  34.5 OOS  36.7 oosD 169 brch 0 {'rr': 2.0, 'risk_pct': 1.5, 'recross': False, 'require15': False, 'm1trig': True}
  MIN  33.6 IS  33.6 OOS  35.7 oosD 171 brch 4 {'rr': 1.0, 'risk_pct': 2.5, 'recross': False, 'require15': False, 'm1trig': True}
  MIN  33.1 IS  33.1 OOS  39.4 oosD 170 brch 15 {'rr': 1.3, 'risk_pct': 2.0, 'recross': False, 'require15': False, 'm1trig': True}
  MIN  31.7 IS  31.7 OOS  35.7 oosD 171 brch 25 {'rr': 2.0, 'risk_pct': 2.0, 'recross': False, 'require15': False, 'm1trig': True}
  MIN  29.9 IS  29.9 OOS  31.7 oosD 142 brch 6 {'rr': 2.0, 'risk_pct': 2.0, 'recross': False, 'require15': False, 'm1trig': False}

DONE=NO best MIN 42.8%
